<?xml version="1.0" encoding="utf-8"?>
<shfbBuild product="Sandcastle Help File Builder and Tools" version="2025.3.22.0" projectFile="D:\Programs\sandcastle\documentation.shfbproj" started="15.04.2025 22:12:55">
<buildStep step="Initializing">
The Sandcastle tools are located in &#39;C:\Program Files (x86)\EWSoftware\Sandcastle Help File Builder&#39;
Locating components in the following folder(s):
    D:\Programs\sandcastle
    C:\ProgramData\EWSoftware\Sandcastle Help File Builder\Components and Plug-Ins
    C:\Program Files (x86)\EWSoftware\Sandcastle Help File Builder\Components
Using framework reflection data for &#39;.NET Framework 4.7.2&#39; located in &#39;C:\Program Files (x86)\EWSoftware\Sandcastle Help File Builder\Data\.NETFramework&#39;
Using presentation style &#39;Default2022&#39; located in &#39;C:\Program Files (x86)\EWSoftware\Sandcastle Help File Builder\Components\Default2022&#39;
Loading and initializing plug-ins...
Website Table of Contents Generator Version 2025.3.22.0
Copyright &#169; 2006-2025, Eric Woodruff, All Rights Reserved
-------------------------------
Clearing any prior web/markdown output...
</buildStep>
<buildStep step="ValidatingDocumentationSources">
Validating and copying documentation source information
Source: D:\studypapka\5semestro\Methods_Optimization\Lab_files\IndividualLab\IndividualLab.csproj
    Found project &#39;D:\studypapka\5semestro\Methods_Optimization\Lab_files\IndividualLab\IndividualLab.csproj&#39;
Source: D:\studypapka\5semestro\Methods_Optimization\Lab_files\IndividualLab\bin\Debug\ClassLibraryTools.dll
    Found assembly &#39;D:\studypapka\5semestro\Methods_Optimization\Lab_files\IndividualLab\bin\Debug\ClassLibraryTools.dll&#39;
Source: D:\studypapka\5semestro\Methods_Optimization\Lab_files\IndividualLab\bin\Debug\ClassLibraryTools.xml
Source: D:\studypapka\5semestro\Methods_Optimization\Lab_files\IndividualLab\bin\Debug\IndividualLab.xml
Source: D:\studypapka\5semestro\Methods_Optimization\Lab_files\IndividualLab\bin\Debug\IndividualLab.exe
    Found assembly &#39;D:\studypapka\5semestro\Methods_Optimization\Lab_files\IndividualLab\bin\Debug\IndividualLab.exe&#39;

Parsing project files
    Ignoring duplicate assembly file &#39;D:\studypapka\5semestro\Methods_Optimization\Lab_files\IndividualLab\bin\Debug\IndividualLab.exe&#39;
    Ignoring duplicate comments file &#39;D:\studypapka\5semestro\Methods_Optimization\Lab_files\IndividualLab\bin\Debug\IndividualLab.xml&#39;
SHFB: Warning BE0007: A project with a different or higher framework version was found.  Changing project FrameworkVersion property from &#39;.NET Framework 4.7.2&#39; to &#39;.NET Framework 4.8&#39; for the build.

References to include:
    Microsoft.Bcl.AsyncInterfaces, Version=8.0.0.0, Culture=neutral, PublicKeyToken=cc7b13ffcd2ddd51, processorArchitecture=MSIL
    System.Buffers, Version=4.0.3.0, Culture=neutral, PublicKeyToken=cc7b13ffcd2ddd51, processorArchitecture=MSIL
    System.Memory, Version=4.0.1.2, Culture=neutral, PublicKeyToken=cc7b13ffcd2ddd51, processorArchitecture=MSIL
    System.Numerics.Vectors, Version=4.1.4.0, Culture=neutral, PublicKeyToken=b03f5f7f11d50a3a, processorArchitecture=MSIL
    System.Runtime.CompilerServices.Unsafe, Version=6.0.0.0, Culture=neutral, PublicKeyToken=b03f5f7f11d50a3a, processorArchitecture=MSIL
    System.Text.Encodings.Web, Version=8.0.0.0, Culture=neutral, PublicKeyToken=cc7b13ffcd2ddd51, processorArchitecture=MSIL
    System.Text.Json, Version=8.0.0.5, Culture=neutral, PublicKeyToken=cc7b13ffcd2ddd51, processorArchitecture=MSIL
    System.Threading.Tasks.Extensions, Version=4.2.0.1, Culture=neutral, PublicKeyToken=cc7b13ffcd2ddd51, processorArchitecture=MSIL
    System.ValueTuple, Version=4.0.3.0, Culture=neutral, PublicKeyToken=cc7b13ffcd2ddd51, processorArchitecture=MSIL

Copying XML comments files
    D:\studypapka\5semestro\Methods_Optimization\Lab_files\IndividualLab\bin\Debug\ClassLibraryTools.xml -&gt; D:\Programs\sandcastle\Help\Working\ClassLibraryTools.xml
    D:\studypapka\5semestro\Methods_Optimization\Lab_files\IndividualLab\bin\Debug\IndividualLab.xml -&gt; D:\Programs\sandcastle\Help\Working\IndividualLab.xml
</buildStep>
<buildStep step="GenerateSharedContent">
Generating shared content files (en-US, Английский (США))...
    Last step completed in 00:00:00,0030
</buildStep>
<buildStep step="GenerateApiFilter">
Generating API filter for MRefBuilder...
    Last step completed in 00:00:00,0140
</buildStep>
<buildStep step="GenerateReflectionInfo">
Generating reflection information...
[C:\Program Files\Microsoft Visual Studio\2022\Community\MSBuild\Current\Bin\amd64\MSBuild.exe - GenerateRefInfo-58b251aa-1638-4c07-a2a8-4a3a09170f53.proj]
РЎР&#177;РѕСЂРєР&#176; РЅР&#176;С‡Р&#176;С‚Р&#176; 15.04.2025 22:12:55.

РџСЂРѕР&#181;РєС‚ &quot;D:\Programs\sandcastle\Help\Working\GenerateRefInfo-58b251aa-1638-4c07-a2a8-4a3a09170f53.proj&quot; РІ СѓР&#183;Р&#187;Р&#181; 1 (С†Р&#181;Р&#187;Р&#181;РІС‹Р&#181; РѕР&#177;СЉР&#181;РєС‚С‹ РїРѕ СѓРјРѕР&#187;С‡Р&#176;РЅРёСЋ).
PrepareForBuild:
  РЎРѕР&#183;РґР&#176;РЅРёР&#181; РєР&#176;С‚Р&#176;Р&#187;РѕРіР&#176; &quot;obj\Debug\&quot;.
GenerateRefInfo:
  Microsoft.Build (v17.12.12+1cce77968bca1366760f361c837ffbc3a6af70f0)
  В&#169; Microsoft Corporation. All rights reserved.
  No source code context base path specified.  Source context information is unavailable.
  Loaded 2 assemblies for reflection and 10 dependency assemblies.
  Using framework redirect &#39;System.Numerics, Version=4.0.0.0, Culture=neutral, PublicKeyToken=b77a5c561934e089&#39; in place of &#39;System.Numerics, Version=4.0.0.0, Culture=neutral, PublicKeyToken=b77a5c561934e089&#39;
  Using framework redirect &#39;WindowsBase, Version=4.0.0.0, Culture=neutral, PublicKeyToken=31bf3856ad364e35&#39; in place of &#39;WindowsBase, Version=4.0.0.0, Culture=neutral, PublicKeyToken=31bf3856ad364e35&#39;
  Using framework redirect &#39;PresentationFramework, Version=4.0.0.0, Culture=neutral, PublicKeyToken=31bf3856ad364e35&#39; in place of &#39;PresentationFramework, Version=4.0.0.0, Culture=neutral, PublicKeyToken=31bf3856ad364e35&#39;
  Using framework redirect &#39;PresentationCore, Version=4.0.0.0, Culture=neutral, PublicKeyToken=31bf3856ad364e35&#39; in place of &#39;PresentationCore, Version=4.0.0.0, Culture=neutral, PublicKeyToken=31bf3856ad364e35&#39;
  Using framework redirect &#39;System, Version=4.0.0.0, Culture=neutral, PublicKeyToken=b77a5c561934e089&#39; in place of &#39;System, Version=4.0.0.0, Culture=neutral, PublicKeyToken=b77a5c561934e089&#39;
  Using framework redirect &#39;System.Xaml, Version=4.0.0.0, Culture=neutral, PublicKeyToken=b77a5c561934e089&#39; in place of &#39;System.Xaml, Version=4.0.0.0, Culture=neutral, PublicKeyToken=b77a5c561934e089&#39;
  Using framework redirect &#39;System.Security, Version=4.0.0.0, Culture=neutral, PublicKeyToken=b03f5f7f11d50a3a&#39; in place of &#39;System.Security, Version=4.0.0.0, Culture=neutral, PublicKeyToken=b03f5f7f11d50a3a&#39;
  Using framework redirect &#39;System.Xml, Version=4.0.0.0, Culture=neutral, PublicKeyToken=b77a5c561934e089&#39; in place of &#39;System.Xml, Version=4.0.0.0, Culture=neutral, PublicKeyToken=b77a5c561934e089&#39;
  Using framework redirect &#39;UIAutomationTypes, Version=4.0.0.0, Culture=neutral, PublicKeyToken=31bf3856ad364e35&#39; in place of &#39;UIAutomationTypes, Version=4.0.0.0, Culture=neutral, PublicKeyToken=31bf3856ad364e35&#39;
  Wrote information on 3 namespaces, 16 types, and 128 members
  Merging duplicate type and member information
  Merged 0 duplicate type(s) and 0 duplicate member(s)
РЎР&#177;РѕСЂРєР&#176; РїСЂРѕР&#181;РєС‚Р&#176; &quot;D:\Programs\sandcastle\Help\Working\GenerateRefInfo-58b251aa-1638-4c07-a2a8-4a3a09170f53.proj&quot; Р&#183;Р&#176;РІР&#181;СЂС€Р&#181;РЅР&#176; (С†Р&#181;Р&#187;Р&#181;РІС‹Р&#181; РѕР&#177;СЉР&#181;РєС‚С‹ РїРѕ СѓРјРѕР&#187;С‡Р&#176;РЅРёСЋ).
    Last step completed in 00:00:00,7065
</buildStep>
<buildStep step="ApplyDocumentModel">
Applying document model to reflection output...
    Last step completed in 00:00:00,1720
</buildStep>
<buildStep step="AddApiTopicFilenames">
Adding topic filenames to API members...
    Last step completed in 00:00:00,1570
</buildStep>
<buildStep step="GenerateApiTopicManifest">
Generating API topic manifest...
    Last step completed in 00:00:00,1520
</buildStep>
<buildStep step="GenerateNamespaceSummaries">
Generating namespace summary information...
    Last step completed in 00:00:00,1220
</buildStep>
<buildStep step="CopyAdditionalContent">
Copying additional content files...
No additional content to copy
    Last step completed in 00:00:00,0010
</buildStep>
<buildStep step="MergeTablesOfContents">
Merging conceptual and additional tables of contents...
    Last step completed in 00:00:00,0000
</buildStep>
<buildStep step="GenerateIntermediateTableOfContents">
Generating intermediate table of contents file for API content...
Generating conceptual content intermediate TOC file...
    Last step completed in 00:00:00,0630
</buildStep>
<buildStep step="CreateBuildAssemblerConfigs">
Creating Sandcastle configuration files...
    Last step completed in 00:00:00,2706
</buildStep>
<buildStep step="CombiningIntermediateTocFiles">
Combining conceptual and API intermediate TOC files...
    Last step completed in 00:00:00,0080
</buildStep>
<buildStep step="MergeCustomConfigs">
Merging custom build component configurations
D:\Programs\sandcastle\Help\Working\BuildAssembler.config
  Updating reference topic configurations.
  No conceptual content.  Removing conceptual content components.
    Last step completed in 00:00:00,0100
</buildStep>
<buildStep step="BuildTopics">
Building help topics...
<plugIn name="Website Table of Contents Generator" behavior="Before" priority="1000">
Loading TOC info and adding unique IDs to parent nodes
</plugIn>Loading configuration...
Processing topics...
SHFB: Warning BE0066: ShowMissingComponent: [N:ClassLibraryTools] Missing &lt;summary&gt; documentation
SHFB: Warning BE0066: ShowMissingComponent: [M:ClassLibraryTools.FractionPoint.#ctor(IndividualLab.Fraction,IndividualLab.Fraction)] Missing &lt;param name=&quot;x&quot;/&gt; documentation
SHFB: Warning BE0066: ShowMissingComponent: [M:ClassLibraryTools.FractionPoint.#ctor(IndividualLab.Fraction,IndividualLab.Fraction)] Missing &lt;param name=&quot;y&quot;/&gt; documentation
SHFB: Warning BE0066: ShowMissingComponent: [M:ClassLibraryTools.FractionPoint.Equals(System.Object)] Missing &lt;summary&gt; documentation
SHFB: Warning BE0066: ShowMissingComponent: [M:ClassLibraryTools.FractionPoint.Equals(System.Object)] Missing &lt;returns&gt; documentation
SHFB: Warning BE0066: ShowMissingComponent: [M:ClassLibraryTools.FractionPoint.Equals(System.Object)] Missing &lt;param name=&quot;obj&quot;/&gt; documentation
SHFB: Warning BE0066: ShowMissingComponent: [M:ClassLibraryTools.FractionPoint.GetHashCode] Missing &lt;summary&gt; documentation
SHFB: Warning BE0066: ShowMissingComponent: [M:ClassLibraryTools.FractionPoint.GetHashCode] Missing &lt;returns&gt; documentation
SHFB: Warning BE0066: ShowMissingComponent: [M:ClassLibraryTools.FractionPoint.op_Implicit(ClassLibraryTools.FractionPoint)~System.Windows.Point] Missing &lt;summary&gt; documentation
SHFB: Warning BE0066: ShowMissingComponent: [M:ClassLibraryTools.FractionPoint.op_Implicit(ClassLibraryTools.FractionPoint)~System.Windows.Point] Missing &lt;returns&gt; documentation
SHFB: Warning BE0066: ShowMissingComponent: [M:ClassLibraryTools.FractionPoint.op_Implicit(ClassLibraryTools.FractionPoint)~System.Windows.Point] Missing &lt;param name=&quot;fractionPoint&quot;/&gt; documentation
SHFB: Warning BE0066: ShowMissingComponent: [M:ClassLibraryTools.FractionPoint.ToPoint] Missing &lt;summary&gt; documentation
SHFB: Warning BE0066: ShowMissingComponent: [M:ClassLibraryTools.FractionPoint.ToPoint] Missing &lt;returns&gt; documentation
SHFB: Warning BE0066: ShowMissingComponent: [P:ClassLibraryTools.FractionPoint.X] Missing &lt;summary&gt; documentation
SHFB: Warning BE0066: ShowMissingComponent: [P:ClassLibraryTools.FractionPoint.Y] Missing &lt;summary&gt; documentation
SHFB: Warning BE0066: ShowMissingComponent: [T:ClassLibraryTools.Graphic] Missing &lt;summary&gt; documentation
SHFB: Warning BE0066: ResolveReferenceLinksComponent: [T:ClassLibraryTools.Graphic] Unknown reference link target &#39;!:null&#39;.
SHFB: Warning BE0066: ResolveReferenceLinksComponent: [T:ClassLibraryTools.Graphic] Invalid reference link target &#39;!:null&#39;.
SHFB: Warning BE0066: ResolveReferenceLinksComponent: [Properties.T:ClassLibraryTools.Graphic] Unknown reference link target &#39;!:null&#39;.
SHFB: Warning BE0066: ResolveReferenceLinksComponent: [Properties.T:ClassLibraryTools.Graphic] Invalid reference link target &#39;!:null&#39;.
SHFB: Warning BE0066: ShowMissingComponent: [M:ClassLibraryTools.Graphic.#ctor(IndividualLab.Fraction[0:,0:],System.Collections.Generic.List{IndividualLab.Fraction},System.Collections.Generic.List{System.Int32},System.Collections.Generic.List{System.Int32},System.Collections.Generic.List{IndividualLab.Fraction},System.String)] Missing &lt;param name=&quot;restrictions&quot;/&gt; documentation
SHFB: Warning BE0066: ShowMissingComponent: [M:ClassLibraryTools.Graphic.#ctor(IndividualLab.Fraction[0:,0:],System.Collections.Generic.List{IndividualLab.Fraction},System.Collections.Generic.List{System.Int32},System.Collections.Generic.List{System.Int32},System.Collections.Generic.List{IndividualLab.Fraction},System.String)] Missing &lt;param name=&quot;targetFunction&quot;/&gt; documentation
SHFB: Warning BE0066: ShowMissingComponent: [M:ClassLibraryTools.Graphic.#ctor(IndividualLab.Fraction[0:,0:],System.Collections.Generic.List{IndividualLab.Fraction},System.Collections.Generic.List{System.Int32},System.Collections.Generic.List{System.Int32},System.Collections.Generic.List{IndividualLab.Fraction},System.String)] Missing &lt;param name=&quot;free&quot;/&gt; documentation
SHFB: Warning BE0066: ShowMissingComponent: [M:ClassLibraryTools.Graphic.#ctor(IndividualLab.Fraction[0:,0:],System.Collections.Generic.List{IndividualLab.Fraction},System.Collections.Generic.List{System.Int32},System.Collections.Generic.List{System.Int32},System.Collections.Generic.List{IndividualLab.Fraction},System.String)] Missing &lt;param name=&quot;basis&quot;/&gt; documentation
SHFB: Warning BE0066: ShowMissingComponent: [M:ClassLibraryTools.Graphic.#ctor(IndividualLab.Fraction[0:,0:],System.Collections.Generic.List{IndividualLab.Fraction},System.Collections.Generic.List{System.Int32},System.Collections.Generic.List{System.Int32},System.Collections.Generic.List{IndividualLab.Fraction},System.String)] Missing &lt;param name=&quot;point&quot;/&gt; documentation
SHFB: Warning BE0066: ShowMissingComponent: [M:ClassLibraryTools.Graphic.#ctor(IndividualLab.Fraction[0:,0:],System.Collections.Generic.List{IndividualLab.Fraction},System.Collections.Generic.List{System.Int32},System.Collections.Generic.List{System.Int32},System.Collections.Generic.List{IndividualLab.Fraction},System.String)] Missing &lt;param name=&quot;solution&quot;/&gt; documentation
SHFB: Warning BE0066: ResolveReferenceLinksComponent: [P:ClassLibraryTools.Graphic.fullPointNxNCase] Unknown reference link target &#39;!:null&#39;.
SHFB: Warning BE0066: ResolveReferenceLinksComponent: [P:ClassLibraryTools.Graphic.fullPointNxNCase] Invalid reference link target &#39;!:null&#39;.
SHFB: Warning BE0066: ShowMissingComponent: [P:ClassLibraryTools.Graphic.solution] Missing &lt;summary&gt; documentation
SHFB: Warning BE0066: ShowMissingComponent: [M:ClassLibraryTools.SimplexTable.#ctor(System.Collections.Generic.List{System.Int32},System.Collections.Generic.List{System.Int32},IndividualLab.Fraction[0:,0:],System.Int32,System.Int32,System.Int32,System.Boolean)] Missing &lt;param name=&quot;basis&quot;/&gt; documentation
SHFB: Warning BE0066: ShowMissingComponent: [M:ClassLibraryTools.SimplexTable.#ctor(System.Collections.Generic.List{System.Int32},System.Collections.Generic.List{System.Int32},IndividualLab.Fraction[0:,0:],System.Int32,System.Int32,System.Int32,System.Boolean)] Missing &lt;param name=&quot;free&quot;/&gt; documentation
SHFB: Warning BE0066: ShowMissingComponent: [M:ClassLibraryTools.SimplexTable.#ctor(System.Collections.Generic.List{System.Int32},System.Collections.Generic.List{System.Int32},IndividualLab.Fraction[0:,0:],System.Int32,System.Int32,System.Int32,System.Boolean)] Missing &lt;param name=&quot;matrix&quot;/&gt; documentation
SHFB: Warning BE0066: ShowMissingComponent: [M:ClassLibraryTools.SimplexTable.#ctor(System.Collections.Generic.List{System.Int32},System.Collections.Generic.List{System.Int32},IndividualLab.Fraction[0:,0:],System.Int32,System.Int32,System.Int32,System.Boolean)] Missing &lt;param name=&quot;numberOfX&quot;/&gt; documentation
SHFB: Warning BE0066: ShowMissingComponent: [M:ClassLibraryTools.SimplexTable.#ctor(System.Collections.Generic.List{System.Int32},System.Collections.Generic.List{System.Int32},IndividualLab.Fraction[0:,0:],System.Int32,System.Int32,System.Int32,System.Boolean)] Missing &lt;param name=&quot;numberOfRestrictions&quot;/&gt; documentation
SHFB: Warning BE0066: ShowMissingComponent: [M:ClassLibraryTools.SimplexTable.#ctor(System.Collections.Generic.List{System.Int32},System.Collections.Generic.List{System.Int32},IndividualLab.Fraction[0:,0:],System.Int32,System.Int32,System.Int32,System.Boolean)] Missing &lt;param name=&quot;iteration&quot;/&gt; documentation
SHFB: Warning BE0066: ShowMissingComponent: [M:ClassLibraryTools.SimplexTable.#ctor(System.Collections.Generic.List{System.Int32},System.Collections.Generic.List{System.Int32},IndividualLab.Fraction[0:,0:],System.Int32,System.Int32,System.Int32,System.Boolean)] Missing &lt;param name=&quot;free_x_finding&quot;/&gt; documentation
SHFB: Warning BE0066: ResolveReferenceLinksComponent: [T:ClassLibraryTools.TableUpdatedEventHandler] Unknown reference link target &#39;!:Label&#39;.
SHFB: Warning BE0066: ResolveReferenceLinksComponent: [T:ClassLibraryTools.TableUpdatedEventHandler] Invalid reference link target &#39;!:Label&#39;.
SHFB: Warning BE0066: ShowMissingComponent: [M:ClassLibraryTools.Utils.swapBasisAndFreeX(System.Int32,System.Int32,System.Collections.Generic.List{System.Int32},System.Collections.Generic.List{System.Int32})] Missing &lt;returns&gt; documentation
SHFB: Warning BE0066: ShowMissingComponent: [N:IndividualLab] Missing &lt;summary&gt; documentation
SHFB: Warning BE0066: ShowMissingComponent: [M:IndividualLab.Fraction.#ctor(System.Numerics.BigInteger,System.Numerics.BigInteger)] Missing &lt;param name=&quot;numerator&quot;/&gt; documentation
SHFB: Warning BE0066: ShowMissingComponent: [M:IndividualLab.Fraction.#ctor(System.Numerics.BigInteger,System.Numerics.BigInteger)] Missing &lt;param name=&quot;denominator&quot;/&gt; documentation
SHFB: Warning BE0066: ShowMissingComponent: [M:IndividualLab.Fraction.DecimalToFraction(System.Double,System.Int32)] Missing &lt;summary&gt; documentation
SHFB: Warning BE0066: ShowMissingComponent: [M:IndividualLab.Fraction.DecimalToFraction(System.Double,System.Int32)] Missing &lt;returns&gt; documentation
SHFB: Warning BE0066: ShowMissingComponent: [M:IndividualLab.Fraction.DecimalToFraction(System.Double,System.Int32)] Missing &lt;param name=&quot;decimalValue&quot;/&gt; documentation
SHFB: Warning BE0066: ShowMissingComponent: [M:IndividualLab.Fraction.DecimalToFraction(System.Double,System.Int32)] Missing &lt;param name=&quot;precision&quot;/&gt; documentation
SHFB: Warning BE0066: ShowMissingComponent: [P:IndividualLab.Fraction.denominator] Missing &lt;summary&gt; documentation
SHFB: Warning BE0066: ShowMissingComponent: [M:IndividualLab.Fraction.Equals(System.Object)] Missing &lt;summary&gt; documentation
SHFB: Warning BE0066: ShowMissingComponent: [M:IndividualLab.Fraction.Equals(System.Object)] Missing &lt;returns&gt; documentation
SHFB: Warning BE0066: ShowMissingComponent: [M:IndividualLab.Fraction.Equals(System.Object)] Missing &lt;param name=&quot;obj&quot;/&gt; documentation
SHFB: Warning BE0066: ShowMissingComponent: [M:IndividualLab.Fraction.GetHashCode] Missing &lt;summary&gt; documentation
SHFB: Warning BE0066: ShowMissingComponent: [M:IndividualLab.Fraction.GetHashCode] Missing &lt;returns&gt; documentation
SHFB: Warning BE0066: ShowMissingComponent: [P:IndividualLab.Fraction.numerator] Missing &lt;summary&gt; documentation
SHFB: Warning BE0066: ShowMissingComponent: [M:IndividualLab.Fraction.op_Addition(IndividualLab.Fraction,IndividualLab.Fraction)] Missing &lt;summary&gt; documentation
SHFB: Warning BE0066: ShowMissingComponent: [M:IndividualLab.Fraction.op_Addition(IndividualLab.Fraction,IndividualLab.Fraction)] Missing &lt;returns&gt; documentation
SHFB: Warning BE0066: ShowMissingComponent: [M:IndividualLab.Fraction.op_Addition(IndividualLab.Fraction,IndividualLab.Fraction)] Missing &lt;param name=&quot;a&quot;/&gt; documentation
SHFB: Warning BE0066: ShowMissingComponent: [M:IndividualLab.Fraction.op_Addition(IndividualLab.Fraction,IndividualLab.Fraction)] Missing &lt;param name=&quot;b&quot;/&gt; documentation
SHFB: Warning BE0066: ShowMissingComponent: [M:IndividualLab.Fraction.op_Division(IndividualLab.Fraction,IndividualLab.Fraction)] Missing &lt;summary&gt; documentation
SHFB: Warning BE0066: ShowMissingComponent: [M:IndividualLab.Fraction.op_Division(IndividualLab.Fraction,IndividualLab.Fraction)] Missing &lt;returns&gt; documentation
SHFB: Warning BE0066: ShowMissingComponent: [M:IndividualLab.Fraction.op_Division(IndividualLab.Fraction,IndividualLab.Fraction)] Missing &lt;param name=&quot;a&quot;/&gt; documentation
SHFB: Warning BE0066: ShowMissingComponent: [M:IndividualLab.Fraction.op_Division(IndividualLab.Fraction,IndividualLab.Fraction)] Missing &lt;param name=&quot;b&quot;/&gt; documentation
SHFB: Warning BE0066: ShowMissingComponent: [M:IndividualLab.Fraction.op_Equality(IndividualLab.Fraction,System.Int32)] Missing &lt;summary&gt; documentation
SHFB: Warning BE0066: ShowMissingComponent: [M:IndividualLab.Fraction.op_Equality(IndividualLab.Fraction,System.Int32)] Missing &lt;returns&gt; documentation
SHFB: Warning BE0066: ShowMissingComponent: [M:IndividualLab.Fraction.op_Equality(IndividualLab.Fraction,System.Int32)] Missing &lt;param name=&quot;a&quot;/&gt; documentation
SHFB: Warning BE0066: ShowMissingComponent: [M:IndividualLab.Fraction.op_Equality(IndividualLab.Fraction,System.Int32)] Missing &lt;param name=&quot;b&quot;/&gt; documentation
SHFB: Warning BE0066: ShowMissingComponent: [M:IndividualLab.Fraction.op_GreaterThan(IndividualLab.Fraction,IndividualLab.Fraction)] Missing &lt;summary&gt; documentation
SHFB: Warning BE0066: ShowMissingComponent: [M:IndividualLab.Fraction.op_GreaterThan(IndividualLab.Fraction,IndividualLab.Fraction)] Missing &lt;returns&gt; documentation
SHFB: Warning BE0066: ShowMissingComponent: [M:IndividualLab.Fraction.op_GreaterThan(IndividualLab.Fraction,IndividualLab.Fraction)] Missing &lt;param name=&quot;a&quot;/&gt; documentation
SHFB: Warning BE0066: ShowMissingComponent: [M:IndividualLab.Fraction.op_GreaterThan(IndividualLab.Fraction,IndividualLab.Fraction)] Missing &lt;param name=&quot;b&quot;/&gt; documentation
SHFB: Warning BE0066: ShowMissingComponent: [M:IndividualLab.Fraction.op_GreaterThan(IndividualLab.Fraction,System.Int32)] Missing &lt;summary&gt; documentation
SHFB: Warning BE0066: ShowMissingComponent: [M:IndividualLab.Fraction.op_GreaterThan(IndividualLab.Fraction,System.Int32)] Missing &lt;returns&gt; documentation
SHFB: Warning BE0066: ShowMissingComponent: [M:IndividualLab.Fraction.op_GreaterThan(IndividualLab.Fraction,System.Int32)] Missing &lt;param name=&quot;a&quot;/&gt; documentation
SHFB: Warning BE0066: ShowMissingComponent: [M:IndividualLab.Fraction.op_GreaterThan(IndividualLab.Fraction,System.Int32)] Missing &lt;param name=&quot;b&quot;/&gt; documentation
SHFB: Warning BE0066: ShowMissingComponent: [M:IndividualLab.Fraction.op_GreaterThan(System.Int32,IndividualLab.Fraction)] Missing &lt;summary&gt; documentation
SHFB: Warning BE0066: ShowMissingComponent: [M:IndividualLab.Fraction.op_GreaterThan(System.Int32,IndividualLab.Fraction)] Missing &lt;returns&gt; documentation
SHFB: Warning BE0066: ShowMissingComponent: [M:IndividualLab.Fraction.op_GreaterThan(System.Int32,IndividualLab.Fraction)] Missing &lt;param name=&quot;b&quot;/&gt; documentation
SHFB: Warning BE0066: ShowMissingComponent: [M:IndividualLab.Fraction.op_GreaterThan(System.Int32,IndividualLab.Fraction)] Missing &lt;param name=&quot;a&quot;/&gt; documentation
SHFB: Warning BE0066: ShowMissingComponent: [M:IndividualLab.Fraction.op_GreaterThanOrEqual(IndividualLab.Fraction,System.Int32)] Missing &lt;summary&gt; documentation
SHFB: Warning BE0066: ShowMissingComponent: [M:IndividualLab.Fraction.op_GreaterThanOrEqual(IndividualLab.Fraction,System.Int32)] Missing &lt;returns&gt; documentation
SHFB: Warning BE0066: ShowMissingComponent: [M:IndividualLab.Fraction.op_GreaterThanOrEqual(IndividualLab.Fraction,System.Int32)] Missing &lt;param name=&quot;a&quot;/&gt; documentation
SHFB: Warning BE0066: ShowMissingComponent: [M:IndividualLab.Fraction.op_GreaterThanOrEqual(IndividualLab.Fraction,System.Int32)] Missing &lt;param name=&quot;b&quot;/&gt; documentation
SHFB: Warning BE0066: ShowMissingComponent: [M:IndividualLab.Fraction.op_GreaterThanOrEqual(System.Int32,IndividualLab.Fraction)] Missing &lt;summary&gt; documentation
SHFB: Warning BE0066: ShowMissingComponent: [M:IndividualLab.Fraction.op_GreaterThanOrEqual(System.Int32,IndividualLab.Fraction)] Missing &lt;returns&gt; documentation
SHFB: Warning BE0066: ShowMissingComponent: [M:IndividualLab.Fraction.op_GreaterThanOrEqual(System.Int32,IndividualLab.Fraction)] Missing &lt;param name=&quot;b&quot;/&gt; documentation
SHFB: Warning BE0066: ShowMissingComponent: [M:IndividualLab.Fraction.op_GreaterThanOrEqual(System.Int32,IndividualLab.Fraction)] Missing &lt;param name=&quot;a&quot;/&gt; documentation
SHFB: Warning BE0066: ShowMissingComponent: [M:IndividualLab.Fraction.op_Implicit(IndividualLab.Fraction)~System.String] Missing &lt;summary&gt; documentation
SHFB: Warning BE0066: ShowMissingComponent: [M:IndividualLab.Fraction.op_Implicit(IndividualLab.Fraction)~System.String] Missing &lt;returns&gt; documentation
SHFB: Warning BE0066: ShowMissingComponent: [M:IndividualLab.Fraction.op_Implicit(IndividualLab.Fraction)~System.String] Missing &lt;param name=&quot;fraction&quot;/&gt; documentation
SHFB: Warning BE0066: ShowMissingComponent: [M:IndividualLab.Fraction.op_Implicit(IndividualLab.Fraction)~System.Double] Missing &lt;summary&gt; documentation
SHFB: Warning BE0066: ShowMissingComponent: [M:IndividualLab.Fraction.op_Implicit(IndividualLab.Fraction)~System.Double] Missing &lt;returns&gt; documentation
SHFB: Warning BE0066: ShowMissingComponent: [M:IndividualLab.Fraction.op_Implicit(IndividualLab.Fraction)~System.Double] Missing &lt;param name=&quot;a&quot;/&gt; documentation
SHFB: Warning BE0066: ShowMissingComponent: [M:IndividualLab.Fraction.op_Inequality(IndividualLab.Fraction,System.Int32)] Missing &lt;summary&gt; documentation
SHFB: Warning BE0066: ShowMissingComponent: [M:IndividualLab.Fraction.op_Inequality(IndividualLab.Fraction,System.Int32)] Missing &lt;returns&gt; documentation
SHFB: Warning BE0066: ShowMissingComponent: [M:IndividualLab.Fraction.op_Inequality(IndividualLab.Fraction,System.Int32)] Missing &lt;param name=&quot;a&quot;/&gt; documentation
SHFB: Warning BE0066: ShowMissingComponent: [M:IndividualLab.Fraction.op_Inequality(IndividualLab.Fraction,System.Int32)] Missing &lt;param name=&quot;b&quot;/&gt; documentation
SHFB: Warning BE0066: ShowMissingComponent: [M:IndividualLab.Fraction.op_LessThan(IndividualLab.Fraction,IndividualLab.Fraction)] Missing &lt;summary&gt; documentation
SHFB: Warning BE0066: ShowMissingComponent: [M:IndividualLab.Fraction.op_LessThan(IndividualLab.Fraction,IndividualLab.Fraction)] Missing &lt;returns&gt; documentation
SHFB: Warning BE0066: ShowMissingComponent: [M:IndividualLab.Fraction.op_LessThan(IndividualLab.Fraction,IndividualLab.Fraction)] Missing &lt;param name=&quot;a&quot;/&gt; documentation
SHFB: Warning BE0066: ShowMissingComponent: [M:IndividualLab.Fraction.op_LessThan(IndividualLab.Fraction,IndividualLab.Fraction)] Missing &lt;param name=&quot;b&quot;/&gt; documentation
SHFB: Warning BE0066: ShowMissingComponent: [M:IndividualLab.Fraction.op_LessThan(IndividualLab.Fraction,System.Int32)] Missing &lt;summary&gt; documentation
SHFB: Warning BE0066: ShowMissingComponent: [M:IndividualLab.Fraction.op_LessThan(IndividualLab.Fraction,System.Int32)] Missing &lt;returns&gt; documentation
SHFB: Warning BE0066: ShowMissingComponent: [M:IndividualLab.Fraction.op_LessThan(IndividualLab.Fraction,System.Int32)] Missing &lt;param name=&quot;a&quot;/&gt; documentation
SHFB: Warning BE0066: ShowMissingComponent: [M:IndividualLab.Fraction.op_LessThan(IndividualLab.Fraction,System.Int32)] Missing &lt;param name=&quot;b&quot;/&gt; documentation
SHFB: Warning BE0066: ShowMissingComponent: [M:IndividualLab.Fraction.op_LessThan(System.Int32,IndividualLab.Fraction)] Missing &lt;summary&gt; documentation
SHFB: Warning BE0066: ShowMissingComponent: [M:IndividualLab.Fraction.op_LessThan(System.Int32,IndividualLab.Fraction)] Missing &lt;returns&gt; documentation
SHFB: Warning BE0066: ShowMissingComponent: [M:IndividualLab.Fraction.op_LessThan(System.Int32,IndividualLab.Fraction)] Missing &lt;param name=&quot;b&quot;/&gt; documentation
SHFB: Warning BE0066: ShowMissingComponent: [M:IndividualLab.Fraction.op_LessThan(System.Int32,IndividualLab.Fraction)] Missing &lt;param name=&quot;a&quot;/&gt; documentation
SHFB: Warning BE0066: ShowMissingComponent: [M:IndividualLab.Fraction.op_LessThanOrEqual(IndividualLab.Fraction,System.Int32)] Missing &lt;summary&gt; documentation
SHFB: Warning BE0066: ShowMissingComponent: [M:IndividualLab.Fraction.op_LessThanOrEqual(IndividualLab.Fraction,System.Int32)] Missing &lt;returns&gt; documentation
SHFB: Warning BE0066: ShowMissingComponent: [M:IndividualLab.Fraction.op_LessThanOrEqual(IndividualLab.Fraction,System.Int32)] Missing &lt;param name=&quot;a&quot;/&gt; documentation
SHFB: Warning BE0066: ShowMissingComponent: [M:IndividualLab.Fraction.op_LessThanOrEqual(IndividualLab.Fraction,System.Int32)] Missing &lt;param name=&quot;b&quot;/&gt; documentation
SHFB: Warning BE0066: ShowMissingComponent: [M:IndividualLab.Fraction.op_LessThanOrEqual(System.Int32,IndividualLab.Fraction)] Missing &lt;summary&gt; documentation
SHFB: Warning BE0066: ShowMissingComponent: [M:IndividualLab.Fraction.op_LessThanOrEqual(System.Int32,IndividualLab.Fraction)] Missing &lt;returns&gt; documentation
SHFB: Warning BE0066: ShowMissingComponent: [M:IndividualLab.Fraction.op_LessThanOrEqual(System.Int32,IndividualLab.Fraction)] Missing &lt;param name=&quot;b&quot;/&gt; documentation
SHFB: Warning BE0066: ShowMissingComponent: [M:IndividualLab.Fraction.op_LessThanOrEqual(System.Int32,IndividualLab.Fraction)] Missing &lt;param name=&quot;a&quot;/&gt; documentation
SHFB: Warning BE0066: ShowMissingComponent: [M:IndividualLab.Fraction.op_Multiply(IndividualLab.Fraction,IndividualLab.Fraction)] Missing &lt;summary&gt; documentation
SHFB: Warning BE0066: ShowMissingComponent: [M:IndividualLab.Fraction.op_Multiply(IndividualLab.Fraction,IndividualLab.Fraction)] Missing &lt;returns&gt; documentation
SHFB: Warning BE0066: ShowMissingComponent: [M:IndividualLab.Fraction.op_Multiply(IndividualLab.Fraction,IndividualLab.Fraction)] Missing &lt;param name=&quot;a&quot;/&gt; documentation
SHFB: Warning BE0066: ShowMissingComponent: [M:IndividualLab.Fraction.op_Multiply(IndividualLab.Fraction,IndividualLab.Fraction)] Missing &lt;param name=&quot;b&quot;/&gt; documentation
SHFB: Warning BE0066: ShowMissingComponent: [M:IndividualLab.Fraction.op_Subtraction(IndividualLab.Fraction,IndividualLab.Fraction)] Missing &lt;summary&gt; documentation
SHFB: Warning BE0066: ShowMissingComponent: [M:IndividualLab.Fraction.op_Subtraction(IndividualLab.Fraction,IndividualLab.Fraction)] Missing &lt;returns&gt; documentation
SHFB: Warning BE0066: ShowMissingComponent: [M:IndividualLab.Fraction.op_Subtraction(IndividualLab.Fraction,IndividualLab.Fraction)] Missing &lt;param name=&quot;a&quot;/&gt; documentation
SHFB: Warning BE0066: ShowMissingComponent: [M:IndividualLab.Fraction.op_Subtraction(IndividualLab.Fraction,IndividualLab.Fraction)] Missing &lt;param name=&quot;b&quot;/&gt; documentation
SHFB: Warning BE0066: ShowMissingComponent: [M:IndividualLab.Fraction.Parse(System.String)] Missing &lt;summary&gt; documentation
SHFB: Warning BE0066: ShowMissingComponent: [M:IndividualLab.Fraction.Parse(System.String)] Missing &lt;returns&gt; documentation
SHFB: Warning BE0066: ShowMissingComponent: [M:IndividualLab.Fraction.Parse(System.String)] Missing &lt;param name=&quot;s&quot;/&gt; documentation
SHFB: Warning BE0066: ShowMissingComponent: [M:IndividualLab.Fraction.Simplify(System.Numerics.BigInteger,System.Numerics.BigInteger)] Missing &lt;summary&gt; documentation
SHFB: Warning BE0066: ShowMissingComponent: [M:IndividualLab.Fraction.Simplify(System.Numerics.BigInteger,System.Numerics.BigInteger)] Missing &lt;returns&gt; documentation
SHFB: Warning BE0066: ShowMissingComponent: [M:IndividualLab.Fraction.Simplify(System.Numerics.BigInteger,System.Numerics.BigInteger)] Missing &lt;param name=&quot;numerator&quot;/&gt; documentation
SHFB: Warning BE0066: ShowMissingComponent: [M:IndividualLab.Fraction.Simplify(System.Numerics.BigInteger,System.Numerics.BigInteger)] Missing &lt;param name=&quot;denominator&quot;/&gt; documentation
SHFB: Warning BE0066: ShowMissingComponent: [M:IndividualLab.Fraction.swap(IndividualLab.Fraction)] Missing &lt;summary&gt; documentation
SHFB: Warning BE0066: ShowMissingComponent: [M:IndividualLab.Fraction.swap(IndividualLab.Fraction)] Missing &lt;returns&gt; documentation
SHFB: Warning BE0066: ShowMissingComponent: [M:IndividualLab.Fraction.swap(IndividualLab.Fraction)] Missing &lt;param name=&quot;a&quot;/&gt; documentation
SHFB: Warning BE0066: ShowMissingComponent: [M:IndividualLab.Fraction.ToString] Missing &lt;summary&gt; documentation
SHFB: Warning BE0066: ShowMissingComponent: [M:IndividualLab.Fraction.ToString] Missing &lt;returns&gt; documentation
SHFB: Warning BE0066: ShowMissingComponent: [M:IndividualLab.InputData.#ctor(System.Int32,System.Int32,IndividualLab.SolutionMethod,System.Collections.Generic.List{IndividualLab.Fraction},IndividualLab.Fraction[0:,0:],System.String,System.Collections.Generic.List{System.Int32})] Missing &lt;param name=&quot;numberOfVariables&quot;/&gt; documentation
SHFB: Warning BE0066: ShowMissingComponent: [M:IndividualLab.InputData.#ctor(System.Int32,System.Int32,IndividualLab.SolutionMethod,System.Collections.Generic.List{IndividualLab.Fraction},IndividualLab.Fraction[0:,0:],System.String,System.Collections.Generic.List{System.Int32})] Missing &lt;param name=&quot;numberOfRestrictions&quot;/&gt; documentation
SHFB: Warning BE0066: ShowMissingComponent: [M:IndividualLab.InputData.#ctor(System.Int32,System.Int32,IndividualLab.SolutionMethod,System.Collections.Generic.List{IndividualLab.Fraction},IndividualLab.Fraction[0:,0:],System.String,System.Collections.Generic.List{System.Int32})] Missing &lt;param name=&quot;solutionMethod&quot;/&gt; documentation
SHFB: Warning BE0066: ShowMissingComponent: [M:IndividualLab.InputData.#ctor(System.Int32,System.Int32,IndividualLab.SolutionMethod,System.Collections.Generic.List{IndividualLab.Fraction},IndividualLab.Fraction[0:,0:],System.String,System.Collections.Generic.List{System.Int32})] Missing &lt;param name=&quot;targetFunction&quot;/&gt; documentation
SHFB: Warning BE0066: ShowMissingComponent: [M:IndividualLab.InputData.#ctor(System.Int32,System.Int32,IndividualLab.SolutionMethod,System.Collections.Generic.List{IndividualLab.Fraction},IndividualLab.Fraction[0:,0:],System.String,System.Collections.Generic.List{System.Int32})] Missing &lt;param name=&quot;restrictions&quot;/&gt; documentation
SHFB: Warning BE0066: ShowMissingComponent: [M:IndividualLab.InputData.#ctor(System.Int32,System.Int32,IndividualLab.SolutionMethod,System.Collections.Generic.List{IndividualLab.Fraction},IndividualLab.Fraction[0:,0:],System.String,System.Collections.Generic.List{System.Int32})] Missing &lt;param name=&quot;typeOfTask&quot;/&gt; documentation
SHFB: Warning BE0066: ShowMissingComponent: [M:IndividualLab.InputData.#ctor(System.Int32,System.Int32,IndividualLab.SolutionMethod,System.Collections.Generic.List{IndividualLab.Fraction},IndividualLab.Fraction[0:,0:],System.String,System.Collections.Generic.List{System.Int32})] Missing &lt;param name=&quot;basis&quot;/&gt; documentation
SHFB: Warning BE0066: ShowMissingComponent: [N:IndividualLab.View.WIndows] Missing &lt;summary&gt; documentation
SHFB: Warning BE0066: ShowMissingComponent: [M:IndividualLab.View.WIndows.DialogWindowBasisSelection.#ctor(System.Int32,System.Int32)] Missing &lt;param name=&quot;numberOfX&quot;/&gt; documentation
SHFB: Warning BE0066: ShowMissingComponent: [M:IndividualLab.View.WIndows.DialogWindowBasisSelection.#ctor(System.Int32,System.Int32)] Missing &lt;param name=&quot;numberOfRestrictions&quot;/&gt; documentation
SHFB: Warning BE0066: ShowMissingComponent: [M:IndividualLab.View.WIndows.GraphicalMethodWindow.#ctor(IndividualLab.MainWindow,ClassLibraryTools.Graphic)] Missing &lt;param name=&quot;win&quot;/&gt; documentation
SHFB: Warning BE0066: ShowMissingComponent: [M:IndividualLab.View.WIndows.GraphicalMethodWindow.#ctor(IndividualLab.MainWindow,ClassLibraryTools.Graphic)] Missing &lt;param name=&quot;graph&quot;/&gt; documentation
SHFB: Warning BE0066: ShowMissingComponent: [M:IndividualLab.View.WIndows.SimplexMethodWindow.#ctor(IndividualLab.MainWindow)] Missing &lt;param name=&quot;win&quot;/&gt; documentation
SHFB: Warning BE0066: ShowMissingComponent: [M:IndividualLab.View.WIndows.SimplexMethodWindow.OnKeyDown(System.Windows.Input.KeyEventArgs)] Missing &lt;summary&gt; documentation
SHFB: Warning BE0066: ShowMissingComponent: [M:IndividualLab.View.WIndows.SimplexMethodWindow.OnKeyDown(System.Windows.Input.KeyEventArgs)] Missing &lt;param name=&quot;e&quot;/&gt; documentation
Processed 184 topic(s)
150 warning(s)
CopyFromIndexComponent: &quot;reflection&quot; in-memory cache entries used: 8 of 15.
CopyFromIndexComponent: &quot;comments&quot; in-memory cache entries used: 6 of 30.
<plugIn name="Website Table of Contents Generator" behavior="After" priority="1000">
Generating TOC fragment files
</plugIn>    Last step completed in 00:00:05,9472
</buildStep>
<buildStep step="CopyStandardHelpContent">
Copying standard help content...
C:\Program Files (x86)\EWSoftware\Sandcastle Help File Builder\Components\Default2022\css\bulma.css -&gt; D:\Programs\sandcastle\Help\Working\Output\Website\css\bulma.css
C:\Program Files (x86)\EWSoftware\Sandcastle Help File Builder\Components\Default2022\css\bulma.css.map -&gt; D:\Programs\sandcastle\Help\Working\Output\Website\css\bulma.css.map
C:\Program Files (x86)\EWSoftware\Sandcastle Help File Builder\Components\Default2022\css\bulma.min.css -&gt; D:\Programs\sandcastle\Help\Working\Output\Website\css\bulma.min.css
C:\Program Files (x86)\EWSoftware\Sandcastle Help File Builder\Components\Default2022\css\font-awesome.css -&gt; D:\Programs\sandcastle\Help\Working\Output\Website\css\font-awesome.css
C:\Program Files (x86)\EWSoftware\Sandcastle Help File Builder\Components\Default2022\css\font-awesome.min.css -&gt; D:\Programs\sandcastle\Help\Working\Output\Website\css\font-awesome.min.css
C:\Program Files (x86)\EWSoftware\Sandcastle Help File Builder\Components\Default2022\css\ja-JP.css -&gt; D:\Programs\sandcastle\Help\Working\Output\Website\css\ja-JP.css
C:\Program Files (x86)\EWSoftware\Sandcastle Help File Builder\Components\Default2022\css\ko-KR.css -&gt; D:\Programs\sandcastle\Help\Working\Output\Website\css\ko-KR.css
C:\Program Files (x86)\EWSoftware\Sandcastle Help File Builder\Components\Default2022\css\presentationStyle.css -&gt; D:\Programs\sandcastle\Help\Working\Output\Website\css\presentationStyle.css
C:\Program Files (x86)\EWSoftware\Sandcastle Help File Builder\Components\Default2022\css\vs.min.css -&gt; D:\Programs\sandcastle\Help\Working\Output\Website\css\vs.min.css
C:\Program Files (x86)\EWSoftware\Sandcastle Help File Builder\Components\Default2022\css\zh-CN.css -&gt; D:\Programs\sandcastle\Help\Working\Output\Website\css\zh-CN.css
C:\Program Files (x86)\EWSoftware\Sandcastle Help File Builder\Components\Default2022\css\zh-TW.css -&gt; D:\Programs\sandcastle\Help\Working\Output\Website\css\zh-TW.css
C:\Program Files (x86)\EWSoftware\Sandcastle Help File Builder\Components\Default2022\icons\favicon.ico -&gt; D:\Programs\sandcastle\Help\Working\Output\Website\icons\favicon.ico
C:\Program Files (x86)\EWSoftware\Sandcastle Help File Builder\Components\Default2022\scripts\clipboard.min.js -&gt; D:\Programs\sandcastle\Help\Working\Output\Website\scripts\clipboard.min.js
C:\Program Files (x86)\EWSoftware\Sandcastle Help File Builder\Components\Default2022\scripts\highlight.min.js -&gt; D:\Programs\sandcastle\Help\Working\Output\Website\scripts\highlight.min.js
C:\Program Files (x86)\EWSoftware\Sandcastle Help File Builder\Components\Default2022\scripts\jquery-3.5.1.min.js -&gt; D:\Programs\sandcastle\Help\Working\Output\Website\scripts\jquery-3.5.1.min.js
C:\Program Files (x86)\EWSoftware\Sandcastle Help File Builder\Components\Default2022\scripts\presentationStyle.js -&gt; D:\Programs\sandcastle\Help\Working\Output\Website\scripts\presentationStyle.js
C:\Program Files (x86)\EWSoftware\Sandcastle Help File Builder\Components\Default2022\webfonts\fa-brands-400.ttf -&gt; D:\Programs\sandcastle\Help\Working\Output\Website\webfonts\fa-brands-400.ttf
C:\Program Files (x86)\EWSoftware\Sandcastle Help File Builder\Components\Default2022\webfonts\fa-brands-400.woff2 -&gt; D:\Programs\sandcastle\Help\Working\Output\Website\webfonts\fa-brands-400.woff2
C:\Program Files (x86)\EWSoftware\Sandcastle Help File Builder\Components\Default2022\webfonts\fa-regular-400.ttf -&gt; D:\Programs\sandcastle\Help\Working\Output\Website\webfonts\fa-regular-400.ttf
C:\Program Files (x86)\EWSoftware\Sandcastle Help File Builder\Components\Default2022\webfonts\fa-regular-400.woff2 -&gt; D:\Programs\sandcastle\Help\Working\Output\Website\webfonts\fa-regular-400.woff2
C:\Program Files (x86)\EWSoftware\Sandcastle Help File Builder\Components\Default2022\webfonts\fa-solid-900.ttf -&gt; D:\Programs\sandcastle\Help\Working\Output\Website\webfonts\fa-solid-900.ttf
C:\Program Files (x86)\EWSoftware\Sandcastle Help File Builder\Components\Default2022\webfonts\fa-solid-900.woff2 -&gt; D:\Programs\sandcastle\Help\Working\Output\Website\webfonts\fa-solid-900.woff2
C:\Program Files (x86)\EWSoftware\Sandcastle Help File Builder\Components\Default2022\webfonts\fa-v4compatibility.ttf -&gt; D:\Programs\sandcastle\Help\Working\Output\Website\webfonts\fa-v4compatibility.ttf
C:\Program Files (x86)\EWSoftware\Sandcastle Help File Builder\Components\Default2022\webfonts\fa-v4compatibility.woff2 -&gt; D:\Programs\sandcastle\Help\Working\Output\Website\webfonts\fa-v4compatibility.woff2
C:\Program Files (x86)\EWSoftware\Sandcastle Help File Builder\Components\Default2022\RootWebsiteContent\GeneralError.html -&gt; D:\Programs\sandcastle\Help\Working\Output\Website\GeneralError.html
C:\Program Files (x86)\EWSoftware\Sandcastle Help File Builder\Components\Default2022\RootWebsiteContent\index.html -&gt; D:\Programs\sandcastle\Help\Working\Output\Website\index.html
C:\Program Files (x86)\EWSoftware\Sandcastle Help File Builder\Components\Default2022\RootWebsiteContent\PageNotFound.html -&gt; D:\Programs\sandcastle\Help\Working\Output\Website\PageNotFound.html
C:\Program Files (x86)\EWSoftware\Sandcastle Help File Builder\Components\Default2022\RootWebsiteContent\search.html -&gt; D:\Programs\sandcastle\Help\Working\Output\Website\search.html
C:\Program Files (x86)\EWSoftware\Sandcastle Help File Builder\Components\Default2022\RootWebsiteContent\SearchHelp.aspx -&gt; D:\Programs\sandcastle\Help\Working\Output\Website\SearchHelp.aspx
C:\Program Files (x86)\EWSoftware\Sandcastle Help File Builder\Components\Default2022\RootWebsiteContent\SearchHelp.inc.php -&gt; D:\Programs\sandcastle\Help\Working\Output\Website\SearchHelp.inc.php
C:\Program Files (x86)\EWSoftware\Sandcastle Help File Builder\Components\Default2022\RootWebsiteContent\SearchHelp.php -&gt; D:\Programs\sandcastle\Help\Working\Output\Website\SearchHelp.php
C:\Program Files (x86)\EWSoftware\Sandcastle Help File Builder\Components\Default2022\RootWebsiteContent\Web.Config -&gt; D:\Programs\sandcastle\Help\Working\Output\Website\Web.Config
    Last step completed in 00:00:00,1380
</buildStep>
<buildStep step="GenerateFullTextIndex">
Generating full-text index for the website...

    Last step completed in 00:00:00,3208
</buildStep>
<buildStep step="CopyingWebsiteFiles">
Copying website files to output folder...

Copied 316 files for the website content
    Last step completed in 00:00:00,0960
</buildStep>
<buildStep step="CleanIntermediates">
Removing intermediate files...
    Last step completed in 00:00:00,0800
</buildStep>
<buildStep step="Completed">

Build completed successfully at 15.04.2025 22:13:04.  Total time: 00:00:08,7796

</buildStep>
</shfbBuild>
